
*** Running vivado
    with args -log design_1_wrapper.vds -m64 -product Vivado -mode batch -messageDb vivado.pb -notrace -source design_1_wrapper.tcl



****** Vivado v2020.2 (64-bit)
  **** SW Build 3064766 on Wed Nov 18 09:12:45 MST 2020
  **** IP Build 3064653 on Wed Nov 18 14:17:31 MST 2020
    ** Copyright 1986-2020 Xilinx, Inc. All Rights Reserved.

source design_1_wrapper.tcl -notrace
INFO: [IP_Flow 19-234] Refreshing IP repositories
INFO: [IP_Flow 19-1704] No user IP repositories specified
INFO: [IP_Flow 19-2313] Loaded Vivado IP repository 'C:/Xilinx/Vivado/2020.2/data/ip'.
add_files: Time (s): cpu = 00:00:03 ; elapsed = 00:00:06 . Memory (MB): peak = 1018.957 ; gain = 0.000
Command: synth_design -top design_1_wrapper -part xc7s100fgga676-2
Starting synth_design
Attempting to get a license for feature 'Synthesis' and/or device 'xc7s100'
INFO: [Common 17-349] Got license for feature 'Synthesis' and/or device 'xc7s100'
INFO: [Device 21-403] Loading part xc7s100fgga676-2
INFO: [Synth 8-7079] Multithreading enabled for synth_design using a maximum of 2 processes.
INFO: [Synth 8-7078] Launching helper process for spawning children vivado processes
INFO: [Synth 8-7075] Helper process launched with PID 1444
---------------------------------------------------------------------------------
Starting RTL Elaboration : Time (s): cpu = 00:00:04 ; elapsed = 00:00:05 . Memory (MB): peak = 1018.957 ; gain = 0.000
---------------------------------------------------------------------------------
INFO: [Synth 8-6157] synthesizing module 'design_1_wrapper' [C:/Users/User/Documents/GitHub/darkriscv/xilinx/vivado/darkriscv/darkriscv.gen/sources_1/bd/design_1/hdl/design_1_wrapper.v:12]
INFO: [Synth 8-6157] synthesizing module 'design_1' [c:/Users/User/Documents/GitHub/darkriscv/xilinx/vivado/darkriscv/darkriscv.gen/sources_1/bd/design_1/synth/design_1.v:13]
INFO: [Synth 8-6157] synthesizing module 'design_1_clk_wiz_0_0' [C:/Users/User/Documents/GitHub/darkriscv/xilinx/vivado/darkriscv/darkriscv.runs/synth_1/.Xil/Vivado-5576-DESKTOP-6SV72UJ/realtime/design_1_clk_wiz_0_0_stub.v:5]
INFO: [Synth 8-6155] done synthesizing module 'design_1_clk_wiz_0_0' (1#1) [C:/Users/User/Documents/GitHub/darkriscv/xilinx/vivado/darkriscv/darkriscv.runs/synth_1/.Xil/Vivado-5576-DESKTOP-6SV72UJ/realtime/design_1_clk_wiz_0_0_stub.v:5]
WARNING: [Synth 8-4446] all outputs are unconnected for this instance and logic may be removed [c:/Users/User/Documents/GitHub/darkriscv/xilinx/vivado/darkriscv/darkriscv.gen/sources_1/bd/design_1/synth/design_1.v:65]
INFO: [Synth 8-6157] synthesizing module 'design_1_ila_0_0' [C:/Users/User/Documents/GitHub/darkriscv/xilinx/vivado/darkriscv/darkriscv.runs/synth_1/.Xil/Vivado-5576-DESKTOP-6SV72UJ/realtime/design_1_ila_0_0_stub.v:6]
INFO: [Synth 8-6155] done synthesizing module 'design_1_ila_0_0' (2#1) [C:/Users/User/Documents/GitHub/darkriscv/xilinx/vivado/darkriscv/darkriscv.runs/synth_1/.Xil/Vivado-5576-DESKTOP-6SV72UJ/realtime/design_1_ila_0_0_stub.v:6]
INFO: [Synth 8-6157] synthesizing module 'design_1_soc_0_0' [C:/Users/User/Documents/GitHub/darkriscv/xilinx/vivado/darkriscv/darkriscv.runs/synth_1/.Xil/Vivado-5576-DESKTOP-6SV72UJ/realtime/design_1_soc_0_0_stub.v:6]
INFO: [Synth 8-6155] done synthesizing module 'design_1_soc_0_0' (3#1) [C:/Users/User/Documents/GitHub/darkriscv/xilinx/vivado/darkriscv/darkriscv.runs/synth_1/.Xil/Vivado-5576-DESKTOP-6SV72UJ/realtime/design_1_soc_0_0_stub.v:6]
INFO: [Synth 8-6157] synthesizing module 'design_1_xlslice_0_0' [c:/Users/User/Documents/GitHub/darkriscv/xilinx/vivado/darkriscv/darkriscv.gen/sources_1/bd/design_1/ip/design_1_xlslice_0_0/synth/design_1_xlslice_0_0.v:57]
INFO: [Synth 8-6157] synthesizing module 'xlslice_v1_0_2_xlslice' [c:/Users/User/Documents/GitHub/darkriscv/xilinx/vivado/darkriscv/darkriscv.gen/sources_1/bd/design_1/ipshared/11d0/hdl/xlslice_v1_0_vl_rfs.v:13]
	Parameter DIN_WIDTH bound to: 128 - type: integer 
	Parameter DIN_FROM bound to: 31 - type: integer 
	Parameter DIN_TO bound to: 0 - type: integer 
INFO: [Synth 8-6155] done synthesizing module 'xlslice_v1_0_2_xlslice' (4#1) [c:/Users/User/Documents/GitHub/darkriscv/xilinx/vivado/darkriscv/darkriscv.gen/sources_1/bd/design_1/ipshared/11d0/hdl/xlslice_v1_0_vl_rfs.v:13]
INFO: [Synth 8-6155] done synthesizing module 'design_1_xlslice_0_0' (5#1) [c:/Users/User/Documents/GitHub/darkriscv/xilinx/vivado/darkriscv/darkriscv.gen/sources_1/bd/design_1/ip/design_1_xlslice_0_0/synth/design_1_xlslice_0_0.v:57]
INFO: [Synth 8-6157] synthesizing module 'design_1_xlslice_0_1' [c:/Users/User/Documents/GitHub/darkriscv/xilinx/vivado/darkriscv/darkriscv.gen/sources_1/bd/design_1/ip/design_1_xlslice_0_1/synth/design_1_xlslice_0_1.v:57]
INFO: [Synth 8-6157] synthesizing module 'xlslice_v1_0_2_xlslice__parameterized0' [c:/Users/User/Documents/GitHub/darkriscv/xilinx/vivado/darkriscv/darkriscv.gen/sources_1/bd/design_1/ipshared/11d0/hdl/xlslice_v1_0_vl_rfs.v:13]
	Parameter DIN_WIDTH bound to: 128 - type: integer 
	Parameter DIN_FROM bound to: 63 - type: integer 
	Parameter DIN_TO bound to: 32 - type: integer 
INFO: [Synth 8-6155] done synthesizing module 'xlslice_v1_0_2_xlslice__parameterized0' (5#1) [c:/Users/User/Documents/GitHub/darkriscv/xilinx/vivado/darkriscv/darkriscv.gen/sources_1/bd/design_1/ipshared/11d0/hdl/xlslice_v1_0_vl_rfs.v:13]
INFO: [Synth 8-6155] done synthesizing module 'design_1_xlslice_0_1' (6#1) [c:/Users/User/Documents/GitHub/darkriscv/xilinx/vivado/darkriscv/darkriscv.gen/sources_1/bd/design_1/ip/design_1_xlslice_0_1/synth/design_1_xlslice_0_1.v:57]
INFO: [Synth 8-6157] synthesizing module 'design_1_xlslice_0_2' [c:/Users/User/Documents/GitHub/darkriscv/xilinx/vivado/darkriscv/darkriscv.gen/sources_1/bd/design_1/ip/design_1_xlslice_0_2/synth/design_1_xlslice_0_2.v:57]
INFO: [Synth 8-6157] synthesizing module 'xlslice_v1_0_2_xlslice__parameterized1' [c:/Users/User/Documents/GitHub/darkriscv/xilinx/vivado/darkriscv/darkriscv.gen/sources_1/bd/design_1/ipshared/11d0/hdl/xlslice_v1_0_vl_rfs.v:13]
	Parameter DIN_WIDTH bound to: 128 - type: integer 
	Parameter DIN_FROM bound to: 95 - type: integer 
	Parameter DIN_TO bound to: 64 - type: integer 
INFO: [Synth 8-6155] done synthesizing module 'xlslice_v1_0_2_xlslice__parameterized1' (6#1) [c:/Users/User/Documents/GitHub/darkriscv/xilinx/vivado/darkriscv/darkriscv.gen/sources_1/bd/design_1/ipshared/11d0/hdl/xlslice_v1_0_vl_rfs.v:13]
INFO: [Synth 8-6155] done synthesizing module 'design_1_xlslice_0_2' (7#1) [c:/Users/User/Documents/GitHub/darkriscv/xilinx/vivado/darkriscv/darkriscv.gen/sources_1/bd/design_1/ip/design_1_xlslice_0_2/synth/design_1_xlslice_0_2.v:57]
INFO: [Synth 8-6157] synthesizing module 'design_1_xlslice_0_3' [c:/Users/User/Documents/GitHub/darkriscv/xilinx/vivado/darkriscv/darkriscv.gen/sources_1/bd/design_1/ip/design_1_xlslice_0_3/synth/design_1_xlslice_0_3.v:57]
INFO: [Synth 8-6157] synthesizing module 'xlslice_v1_0_2_xlslice__parameterized2' [c:/Users/User/Documents/GitHub/darkriscv/xilinx/vivado/darkriscv/darkriscv.gen/sources_1/bd/design_1/ipshared/11d0/hdl/xlslice_v1_0_vl_rfs.v:13]
	Parameter DIN_WIDTH bound to: 128 - type: integer 
	Parameter DIN_FROM bound to: 127 - type: integer 
	Parameter DIN_TO bound to: 96 - type: integer 
INFO: [Synth 8-6155] done synthesizing module 'xlslice_v1_0_2_xlslice__parameterized2' (7#1) [c:/Users/User/Documents/GitHub/darkriscv/xilinx/vivado/darkriscv/darkriscv.gen/sources_1/bd/design_1/ipshared/11d0/hdl/xlslice_v1_0_vl_rfs.v:13]
INFO: [Synth 8-6155] done synthesizing module 'design_1_xlslice_0_3' (8#1) [c:/Users/User/Documents/GitHub/darkriscv/xilinx/vivado/darkriscv/darkriscv.gen/sources_1/bd/design_1/ip/design_1_xlslice_0_3/synth/design_1_xlslice_0_3.v:57]
INFO: [Synth 8-6157] synthesizing module 'design_1_xlslice_0_4' [c:/Users/User/Documents/GitHub/darkriscv/xilinx/vivado/darkriscv/darkriscv.gen/sources_1/bd/design_1/ip/design_1_xlslice_0_4/synth/design_1_xlslice_0_4.v:57]
INFO: [Synth 8-6157] synthesizing module 'xlslice_v1_0_2_xlslice__parameterized3' [c:/Users/User/Documents/GitHub/darkriscv/xilinx/vivado/darkriscv/darkriscv.gen/sources_1/bd/design_1/ipshared/11d0/hdl/xlslice_v1_0_vl_rfs.v:13]
	Parameter DIN_WIDTH bound to: 4 - type: integer 
	Parameter DIN_FROM bound to: 0 - type: integer 
	Parameter DIN_TO bound to: 0 - type: integer 
INFO: [Synth 8-6155] done synthesizing module 'xlslice_v1_0_2_xlslice__parameterized3' (8#1) [c:/Users/User/Documents/GitHub/darkriscv/xilinx/vivado/darkriscv/darkriscv.gen/sources_1/bd/design_1/ipshared/11d0/hdl/xlslice_v1_0_vl_rfs.v:13]
INFO: [Synth 8-6155] done synthesizing module 'design_1_xlslice_0_4' (9#1) [c:/Users/User/Documents/GitHub/darkriscv/xilinx/vivado/darkriscv/darkriscv.gen/sources_1/bd/design_1/ip/design_1_xlslice_0_4/synth/design_1_xlslice_0_4.v:57]
INFO: [Synth 8-6157] synthesizing module 'design_1_xlslice_1_0' [c:/Users/User/Documents/GitHub/darkriscv/xilinx/vivado/darkriscv/darkriscv.gen/sources_1/bd/design_1/ip/design_1_xlslice_1_0/synth/design_1_xlslice_1_0.v:57]
INFO: [Synth 8-6157] synthesizing module 'xlslice_v1_0_2_xlslice__parameterized4' [c:/Users/User/Documents/GitHub/darkriscv/xilinx/vivado/darkriscv/darkriscv.gen/sources_1/bd/design_1/ipshared/11d0/hdl/xlslice_v1_0_vl_rfs.v:13]
	Parameter DIN_WIDTH bound to: 4 - type: integer 
	Parameter DIN_FROM bound to: 1 - type: integer 
	Parameter DIN_TO bound to: 1 - type: integer 
INFO: [Synth 8-6155] done synthesizing module 'xlslice_v1_0_2_xlslice__parameterized4' (9#1) [c:/Users/User/Documents/GitHub/darkriscv/xilinx/vivado/darkriscv/darkriscv.gen/sources_1/bd/design_1/ipshared/11d0/hdl/xlslice_v1_0_vl_rfs.v:13]
INFO: [Synth 8-6155] done synthesizing module 'design_1_xlslice_1_0' (10#1) [c:/Users/User/Documents/GitHub/darkriscv/xilinx/vivado/darkriscv/darkriscv.gen/sources_1/bd/design_1/ip/design_1_xlslice_1_0/synth/design_1_xlslice_1_0.v:57]
INFO: [Synth 8-6157] synthesizing module 'design_1_xlslice_2_0' [c:/Users/User/Documents/GitHub/darkriscv/xilinx/vivado/darkriscv/darkriscv.gen/sources_1/bd/design_1/ip/design_1_xlslice_2_0/synth/design_1_xlslice_2_0.v:57]
INFO: [Synth 8-6157] synthesizing module 'xlslice_v1_0_2_xlslice__parameterized5' [c:/Users/User/Documents/GitHub/darkriscv/xilinx/vivado/darkriscv/darkriscv.gen/sources_1/bd/design_1/ipshared/11d0/hdl/xlslice_v1_0_vl_rfs.v:13]
	Parameter DIN_WIDTH bound to: 4 - type: integer 
	Parameter DIN_FROM bound to: 2 - type: integer 
	Parameter DIN_TO bound to: 2 - type: integer 
INFO: [Synth 8-6155] done synthesizing module 'xlslice_v1_0_2_xlslice__parameterized5' (10#1) [c:/Users/User/Documents/GitHub/darkriscv/xilinx/vivado/darkriscv/darkriscv.gen/sources_1/bd/design_1/ipshared/11d0/hdl/xlslice_v1_0_vl_rfs.v:13]
INFO: [Synth 8-6155] done synthesizing module 'design_1_xlslice_2_0' (11#1) [c:/Users/User/Documents/GitHub/darkriscv/xilinx/vivado/darkriscv/darkriscv.gen/sources_1/bd/design_1/ip/design_1_xlslice_2_0/synth/design_1_xlslice_2_0.v:57]
INFO: [Synth 8-6157] synthesizing module 'design_1_xlslice_3_0' [c:/Users/User/Documents/GitHub/darkriscv/xilinx/vivado/darkriscv/darkriscv.gen/sources_1/bd/design_1/ip/design_1_xlslice_3_0/synth/design_1_xlslice_3_0.v:57]
INFO: [Synth 8-6157] synthesizing module 'xlslice_v1_0_2_xlslice__parameterized6' [c:/Users/User/Documents/GitHub/darkriscv/xilinx/vivado/darkriscv/darkriscv.gen/sources_1/bd/design_1/ipshared/11d0/hdl/xlslice_v1_0_vl_rfs.v:13]
	Parameter DIN_WIDTH bound to: 4 - type: integer 
	Parameter DIN_FROM bound to: 3 - type: integer 
	Parameter DIN_TO bound to: 3 - type: integer 
INFO: [Synth 8-6155] done synthesizing module 'xlslice_v1_0_2_xlslice__parameterized6' (11#1) [c:/Users/User/Documents/GitHub/darkriscv/xilinx/vivado/darkriscv/darkriscv.gen/sources_1/bd/design_1/ipshared/11d0/hdl/xlslice_v1_0_vl_rfs.v:13]
INFO: [Synth 8-6155] done synthesizing module 'design_1_xlslice_3_0' (12#1) [c:/Users/User/Documents/GitHub/darkriscv/xilinx/vivado/darkriscv/darkriscv.gen/sources_1/bd/design_1/ip/design_1_xlslice_3_0/synth/design_1_xlslice_3_0.v:57]
INFO: [Synth 8-6071] Mark debug on the nets applies keep_hierarchy on instance 'xlslice_1'. This will prevent further optimization [c:/Users/User/Documents/GitHub/darkriscv/xilinx/vivado/darkriscv/darkriscv.gen/sources_1/bd/design_1/synth/design_1.v:119]
INFO: [Synth 8-6071] Mark debug on the nets applies keep_hierarchy on instance 'ila_0'. This will prevent further optimization [c:/Users/User/Documents/GitHub/darkriscv/xilinx/vivado/darkriscv/darkriscv.gen/sources_1/bd/design_1/synth/design_1.v:65]
INFO: [Synth 8-6071] Mark debug on the nets applies keep_hierarchy on instance 'xlslice_0'. This will prevent further optimization [c:/Users/User/Documents/GitHub/darkriscv/xilinx/vivado/darkriscv/darkriscv.gen/sources_1/bd/design_1/synth/design_1.v:116]
INFO: [Synth 8-6071] Mark debug on the nets applies keep_hierarchy on instance 'xlslice_2'. This will prevent further optimization [c:/Users/User/Documents/GitHub/darkriscv/xilinx/vivado/darkriscv/darkriscv.gen/sources_1/bd/design_1/synth/design_1.v:122]
INFO: [Synth 8-6071] Mark debug on the nets applies keep_hierarchy on instance 'xlslice_3'. This will prevent further optimization [c:/Users/User/Documents/GitHub/darkriscv/xilinx/vivado/darkriscv/darkriscv.gen/sources_1/bd/design_1/synth/design_1.v:125]
INFO: [Synth 8-6155] done synthesizing module 'design_1' (13#1) [c:/Users/User/Documents/GitHub/darkriscv/xilinx/vivado/darkriscv/darkriscv.gen/sources_1/bd/design_1/synth/design_1.v:13]
INFO: [Synth 8-6155] done synthesizing module 'design_1_wrapper' (14#1) [C:/Users/User/Documents/GitHub/darkriscv/xilinx/vivado/darkriscv/darkriscv.gen/sources_1/bd/design_1/hdl/design_1_wrapper.v:12]
---------------------------------------------------------------------------------
Finished RTL Elaboration : Time (s): cpu = 00:00:05 ; elapsed = 00:00:06 . Memory (MB): peak = 1018.957 ; gain = 0.000
---------------------------------------------------------------------------------
---------------------------------------------------------------------------------
Start Handling Custom Attributes
---------------------------------------------------------------------------------
---------------------------------------------------------------------------------
Finished Handling Custom Attributes : Time (s): cpu = 00:00:06 ; elapsed = 00:00:07 . Memory (MB): peak = 1018.957 ; gain = 0.000
---------------------------------------------------------------------------------
---------------------------------------------------------------------------------
Finished RTL Optimization Phase 1 : Time (s): cpu = 00:00:06 ; elapsed = 00:00:07 . Memory (MB): peak = 1018.957 ; gain = 0.000
---------------------------------------------------------------------------------
Netlist sorting complete. Time (s): cpu = 00:00:00 ; elapsed = 00:00:00.014 . Memory (MB): peak = 1018.957 ; gain = 0.000
INFO: [Project 1-570] Preparing netlist for logic optimization

Processing XDC Constraints
Initializing timing engine
Parsing XDC File [c:/Users/User/Documents/GitHub/darkriscv/xilinx/vivado/darkriscv/darkriscv.gen/sources_1/bd/design_1/ip/design_1_clk_wiz_0_0/design_1_clk_wiz_0_0/design_1_clk_wiz_0_0_in_context.xdc] for cell 'design_1_i/clk_wiz_0'
Finished Parsing XDC File [c:/Users/User/Documents/GitHub/darkriscv/xilinx/vivado/darkriscv/darkriscv.gen/sources_1/bd/design_1/ip/design_1_clk_wiz_0_0/design_1_clk_wiz_0_0/design_1_clk_wiz_0_0_in_context.xdc] for cell 'design_1_i/clk_wiz_0'
Parsing XDC File [c:/Users/User/Documents/GitHub/darkriscv/xilinx/vivado/darkriscv/darkriscv.gen/sources_1/bd/design_1/ip/design_1_ila_0_0/design_1_ila_0_0/design_1_ila_0_0_in_context.xdc] for cell 'design_1_i/ila_0'
Finished Parsing XDC File [c:/Users/User/Documents/GitHub/darkriscv/xilinx/vivado/darkriscv/darkriscv.gen/sources_1/bd/design_1/ip/design_1_ila_0_0/design_1_ila_0_0/design_1_ila_0_0_in_context.xdc] for cell 'design_1_i/ila_0'
Parsing XDC File [c:/Users/User/Documents/GitHub/darkriscv/xilinx/vivado/darkriscv/darkriscv.gen/sources_1/bd/design_1/ip/design_1_soc_0_0/design_1_soc_0_0/design_1_soc_0_0_in_context.xdc] for cell 'design_1_i/soc_0'
Finished Parsing XDC File [c:/Users/User/Documents/GitHub/darkriscv/xilinx/vivado/darkriscv/darkriscv.gen/sources_1/bd/design_1/ip/design_1_soc_0_0/design_1_soc_0_0/design_1_soc_0_0_in_context.xdc] for cell 'design_1_i/soc_0'
Parsing XDC File [C:/Users/User/Documents/GitHub/darkriscv/xilinx/vivado/darksocv.xdc]
Finished Parsing XDC File [C:/Users/User/Documents/GitHub/darkriscv/xilinx/vivado/darksocv.xdc]
INFO: [Project 1-236] Implementation specific constraints were found while reading constraint file [C:/Users/User/Documents/GitHub/darkriscv/xilinx/vivado/darksocv.xdc]. These constraints will be ignored for synthesis but will be used in implementation. Impacted constraints are listed in the file [.Xil/design_1_wrapper_propImpl.xdc].
Resolution: To avoid this warning, move constraints listed in [.Xil/design_1_wrapper_propImpl.xdc] to another XDC file and exclude this new file from synthesis with the used_in_synthesis property (File Properties dialog in GUI) and re-run elaboration/synthesis.
Parsing XDC File [C:/Users/User/Documents/GitHub/darkriscv/xilinx/vivado/darkriscv/darkriscv.runs/synth_1/dont_touch.xdc]
Finished Parsing XDC File [C:/Users/User/Documents/GitHub/darkriscv/xilinx/vivado/darkriscv/darkriscv.runs/synth_1/dont_touch.xdc]
Completed Processing XDC Constraints

Netlist sorting complete. Time (s): cpu = 00:00:00 ; elapsed = 00:00:00.001 . Memory (MB): peak = 1030.996 ; gain = 0.000
INFO: [Project 1-111] Unisim Transformation Summary:
No Unisim elements were transformed.

Constraint Validation Runtime : Time (s): cpu = 00:00:00 ; elapsed = 00:00:00.007 . Memory (MB): peak = 1030.996 ; gain = 0.000
---------------------------------------------------------------------------------
Finished Constraint Validation : Time (s): cpu = 00:00:13 ; elapsed = 00:00:14 . Memory (MB): peak = 1030.996 ; gain = 12.039
---------------------------------------------------------------------------------
---------------------------------------------------------------------------------
Start Loading Part and Timing Information
---------------------------------------------------------------------------------
Loading part: xc7s100fgga676-2
---------------------------------------------------------------------------------
Finished Loading Part and Timing Information : Time (s): cpu = 00:00:13 ; elapsed = 00:00:14 . Memory (MB): peak = 1030.996 ; gain = 12.039
---------------------------------------------------------------------------------
---------------------------------------------------------------------------------
Start Applying 'set_property' XDC Constraints
---------------------------------------------------------------------------------
Applied set_property IO_BUFFER_TYPE = NONE for sys_diff_clock_clk_n. (constraint file  c:/Users/User/Documents/GitHub/darkriscv/xilinx/vivado/darkriscv/darkriscv.gen/sources_1/bd/design_1/ip/design_1_clk_wiz_0_0/design_1_clk_wiz_0_0/design_1_clk_wiz_0_0_in_context.xdc, line 3).
Applied set_property CLOCK_BUFFER_TYPE = NONE for sys_diff_clock_clk_n. (constraint file  c:/Users/User/Documents/GitHub/darkriscv/xilinx/vivado/darkriscv/darkriscv.gen/sources_1/bd/design_1/ip/design_1_clk_wiz_0_0/design_1_clk_wiz_0_0/design_1_clk_wiz_0_0_in_context.xdc, line 4).
Applied set_property IO_BUFFER_TYPE = NONE for sys_diff_clock_clk_p. (constraint file  c:/Users/User/Documents/GitHub/darkriscv/xilinx/vivado/darkriscv/darkriscv.gen/sources_1/bd/design_1/ip/design_1_clk_wiz_0_0/design_1_clk_wiz_0_0/design_1_clk_wiz_0_0_in_context.xdc, line 5).
Applied set_property CLOCK_BUFFER_TYPE = NONE for sys_diff_clock_clk_p. (constraint file  c:/Users/User/Documents/GitHub/darkriscv/xilinx/vivado/darkriscv/darkriscv.gen/sources_1/bd/design_1/ip/design_1_clk_wiz_0_0/design_1_clk_wiz_0_0/design_1_clk_wiz_0_0_in_context.xdc, line 6).
Applied set_property KEEP_HIERARCHY = SOFT for design_1_i. (constraint file  auto generated constraint).
Applied set_property KEEP_HIERARCHY = SOFT for design_1_i/clk_wiz_0. (constraint file  auto generated constraint).
Applied set_property KEEP_HIERARCHY = SOFT for design_1_i/ila_0. (constraint file  auto generated constraint).
Applied set_property KEEP_HIERARCHY = SOFT for design_1_i/xlslice_0. (constraint file  auto generated constraint).
Applied set_property KEEP_HIERARCHY = SOFT for design_1_i/xlslice_1. (constraint file  auto generated constraint).
Applied set_property KEEP_HIERARCHY = SOFT for design_1_i/xlslice_2. (constraint file  auto generated constraint).
Applied set_property KEEP_HIERARCHY = SOFT for design_1_i/xlslice_3. (constraint file  auto generated constraint).
Applied set_property KEEP_HIERARCHY = SOFT for design_1_i/xlslice_4. (constraint file  auto generated constraint).
Applied set_property KEEP_HIERARCHY = SOFT for design_1_i/xlslice_5. (constraint file  auto generated constraint).
Applied set_property KEEP_HIERARCHY = SOFT for design_1_i/xlslice_6. (constraint file  auto generated constraint).
Applied set_property KEEP_HIERARCHY = SOFT for design_1_i/xlslice_7. (constraint file  auto generated constraint).
Applied set_property KEEP_HIERARCHY = SOFT for design_1_i/soc_0. (constraint file  auto generated constraint).
---------------------------------------------------------------------------------
Finished applying 'set_property' XDC Constraints : Time (s): cpu = 00:00:13 ; elapsed = 00:00:14 . Memory (MB): peak = 1030.996 ; gain = 12.039
---------------------------------------------------------------------------------
---------------------------------------------------------------------------------
Finished RTL Optimization Phase 2 : Time (s): cpu = 00:00:13 ; elapsed = 00:00:14 . Memory (MB): peak = 1030.996 ; gain = 12.039
---------------------------------------------------------------------------------
---------------------------------------------------------------------------------
Start RTL Component Statistics 
---------------------------------------------------------------------------------
Detailed RTL Component Info : 
---------------------------------------------------------------------------------
Finished RTL Component Statistics 
---------------------------------------------------------------------------------
---------------------------------------------------------------------------------
Start Part Resource Summary
---------------------------------------------------------------------------------
Part Resources:
DSPs: 160 (col length:80)
BRAMs: 240 (col length: RAMB18 80 RAMB36 40)
---------------------------------------------------------------------------------
Finished Part Resource Summary
---------------------------------------------------------------------------------
---------------------------------------------------------------------------------
Start Cross Boundary and Area Optimization
---------------------------------------------------------------------------------
---------------------------------------------------------------------------------
Finished Cross Boundary and Area Optimization : Time (s): cpu = 00:00:14 ; elapsed = 00:00:16 . Memory (MB): peak = 1030.996 ; gain = 12.039
---------------------------------------------------------------------------------
---------------------------------------------------------------------------------
Start Applying XDC Timing Constraints
---------------------------------------------------------------------------------
---------------------------------------------------------------------------------
Finished Applying XDC Timing Constraints : Time (s): cpu = 00:00:20 ; elapsed = 00:00:22 . Memory (MB): peak = 1064.703 ; gain = 45.746
---------------------------------------------------------------------------------
---------------------------------------------------------------------------------
Start Timing Optimization
---------------------------------------------------------------------------------
---------------------------------------------------------------------------------
Finished Timing Optimization : Time (s): cpu = 00:00:20 ; elapsed = 00:00:22 . Memory (MB): peak = 1064.703 ; gain = 45.746
---------------------------------------------------------------------------------
---------------------------------------------------------------------------------
Start Technology Mapping
---------------------------------------------------------------------------------
---------------------------------------------------------------------------------
Finished Technology Mapping : Time (s): cpu = 00:00:20 ; elapsed = 00:00:22 . Memory (MB): peak = 1084.297 ; gain = 65.340
---------------------------------------------------------------------------------
---------------------------------------------------------------------------------
Start IO Insertion
---------------------------------------------------------------------------------
---------------------------------------------------------------------------------
Start Flattening Before IO Insertion
---------------------------------------------------------------------------------
---------------------------------------------------------------------------------
Finished Flattening Before IO Insertion
---------------------------------------------------------------------------------
---------------------------------------------------------------------------------
Start Final Netlist Cleanup
---------------------------------------------------------------------------------
---------------------------------------------------------------------------------
Finished Final Netlist Cleanup
---------------------------------------------------------------------------------
---------------------------------------------------------------------------------
Finished IO Insertion : Time (s): cpu = 00:00:24 ; elapsed = 00:00:26 . Memory (MB): peak = 1089.066 ; gain = 70.109
---------------------------------------------------------------------------------
---------------------------------------------------------------------------------
Start Renaming Generated Instances
---------------------------------------------------------------------------------
---------------------------------------------------------------------------------
Finished Renaming Generated Instances : Time (s): cpu = 00:00:24 ; elapsed = 00:00:26 . Memory (MB): peak = 1089.066 ; gain = 70.109
---------------------------------------------------------------------------------
---------------------------------------------------------------------------------
Start Rebuilding User Hierarchy
---------------------------------------------------------------------------------
---------------------------------------------------------------------------------
Finished Rebuilding User Hierarchy : Time (s): cpu = 00:00:24 ; elapsed = 00:00:26 . Memory (MB): peak = 1089.066 ; gain = 70.109
---------------------------------------------------------------------------------
---------------------------------------------------------------------------------
Start Renaming Generated Ports
---------------------------------------------------------------------------------
---------------------------------------------------------------------------------
Finished Renaming Generated Ports : Time (s): cpu = 00:00:24 ; elapsed = 00:00:26 . Memory (MB): peak = 1089.066 ; gain = 70.109
---------------------------------------------------------------------------------
---------------------------------------------------------------------------------
Start Handling Custom Attributes
---------------------------------------------------------------------------------
---------------------------------------------------------------------------------
Finished Handling Custom Attributes : Time (s): cpu = 00:00:24 ; elapsed = 00:00:26 . Memory (MB): peak = 1089.066 ; gain = 70.109
---------------------------------------------------------------------------------
---------------------------------------------------------------------------------
Start Renaming Generated Nets
---------------------------------------------------------------------------------
---------------------------------------------------------------------------------
Finished Renaming Generated Nets : Time (s): cpu = 00:00:24 ; elapsed = 00:00:26 . Memory (MB): peak = 1089.066 ; gain = 70.109
---------------------------------------------------------------------------------
---------------------------------------------------------------------------------
Start Writing Synthesis Report
---------------------------------------------------------------------------------

Report BlackBoxes: 
+------+---------------------+----------+
|      |BlackBox name        |Instances |
+------+---------------------+----------+
|1     |design_1_clk_wiz_0_0 |         1|
|2     |design_1_ila_0_0     |         1|
|3     |design_1_soc_0_0     |         1|
+------+---------------------+----------+

Report Cell Usage: 
+------+-------------------+------+
|      |Cell               |Count |
+------+-------------------+------+
|1     |design_1_clk_wiz_0 |     1|
|2     |design_1_ila_0     |     1|
|3     |design_1_soc_0     |     1|
|4     |IBUF               |     2|
|5     |OBUF               |     5|
+------+-------------------+------+
---------------------------------------------------------------------------------
Finished Writing Synthesis Report : Time (s): cpu = 00:00:24 ; elapsed = 00:00:26 . Memory (MB): peak = 1089.066 ; gain = 70.109
---------------------------------------------------------------------------------
Synthesis finished with 0 errors, 0 critical warnings and 0 warnings.
Synthesis Optimization Runtime : Time (s): cpu = 00:00:16 ; elapsed = 00:00:23 . Memory (MB): peak = 1089.066 ; gain = 58.070
Synthesis Optimization Complete : Time (s): cpu = 00:00:24 ; elapsed = 00:00:26 . Memory (MB): peak = 1089.066 ; gain = 70.109
INFO: [Project 1-571] Translating synthesized netlist
Netlist sorting complete. Time (s): cpu = 00:00:00 ; elapsed = 00:00:00.008 . Memory (MB): peak = 1101.172 ; gain = 0.000
INFO: [Project 1-570] Preparing netlist for logic optimization
INFO: [Opt 31-138] Pushed 0 inverter(s) to 0 load pin(s).
Netlist sorting complete. Time (s): cpu = 00:00:00 ; elapsed = 00:00:00 . Memory (MB): peak = 1104.121 ; gain = 0.000
INFO: [Project 1-111] Unisim Transformation Summary:
No Unisim elements were transformed.

INFO: [Common 17-83] Releasing license: Synthesis
63 Infos, 1 Warnings, 0 Critical Warnings and 0 Errors encountered.
synth_design completed successfully
synth_design: Time (s): cpu = 00:00:29 ; elapsed = 00:00:33 . Memory (MB): peak = 1104.121 ; gain = 85.164
INFO: [Common 17-1381] The checkpoint 'C:/Users/User/Documents/GitHub/darkriscv/xilinx/vivado/darkriscv/darkriscv.runs/synth_1/design_1_wrapper.dcp' has been generated.
INFO: [runtcl-4] Executing : report_utilization -file design_1_wrapper_utilization_synth.rpt -pb design_1_wrapper_utilization_synth.pb
INFO: [Common 17-206] Exiting Vivado at Sun May 23 20:23:43 2021...
